<?xml version="1.0" encoding="UTF-8"?>
<!-- Generated by org.testng.reporters.JUnitReportReporter -->
<testsuite hostname="Swati-PC" name="com.Com.EndToEndTest.CreateOpertunity_using_org_campaignTest" tests="1" failures="0" timestamp="2 Mar 2018 09:47:35 GMT" time="67.844" errors="0">
  <testcase name="createOpertunity_using_org_campaignTest" time="67.844" classname="com.Com.EndToEndTest.CreateOpertunity_using_org_campaignTest"/>
</testsuite> <!-- com.Com.EndToEndTest.CreateOpertunity_using_org_campaignTest -->
