<?xml version="1.0" encoding="UTF-8"?>
<!-- Generated by org.testng.reporters.JUnitReportReporter -->
<testsuite hostname="Swati-PC" name="com.Com.EndToEndTest.CreateOpertunity_using_org_campaignTest" tests="2" failures="0" timestamp="2 Mar 2018 19:55:13 GMT" time="143.983" errors="0">
  <testcase name="DeleteOrgWhenOrgContainsContact_OppTest" time="95.592" classname="com.Com.EndToEndTest.CreateOpertunity_using_org_campaignTest"/>
  <testcase name="createOpertunity_using_org_campaignTest" time="48.391" classname="com.Com.EndToEndTest.CreateOpertunity_using_org_campaignTest"/>
</testsuite> <!-- com.Com.EndToEndTest.CreateOpertunity_using_org_campaignTest -->
