<?xml version="1.0" encoding="UTF-8"?>
<!-- Generated by org.testng.reporters.JUnitReportReporter -->
<testsuite hostname="Swati-PC" name="crm.Crm.ContactTest.CreateContactTest" tests="3" failures="0" timestamp="2 Mar 2018 20:09:10 GMT" time="88.113" errors="0">
  <testcase name="createContactwithimageTest" time="35.444" classname="crm.Crm.ContactTest.CreateContactTest"/>
  <testcase name="createContactWithOrganisationTest" time="31.186" classname="crm.Crm.ContactTest.CreateContactTest"/>
  <testcase name="createContact" time="21.483" classname="crm.Crm.ContactTest.CreateContactTest"/>
</testsuite> <!-- crm.Crm.ContactTest.CreateContactTest -->
