<?xml version="1.0" encoding="UTF-8"?>
<!-- Generated by org.testng.reporters.JUnitReportReporter -->
<testsuite hostname="Swati-PC" name="com.Com.OrganizationTest.CreateOganisationTest" tests="2" failures="0" timestamp="26 Feb 2018 15:27:52 GMT" time="43.664" errors="0">
  <testcase name="createOganisationTest" time="26.066" classname="com.Com.OrganizationTest.CreateOganisationTest"/>
  <testcase name="createOrganisationWithIndustryTest" time="17.598" classname="com.Com.OrganizationTest.CreateOganisationTest"/>
</testsuite> <!-- com.Com.OrganizationTest.CreateOganisationTest -->
