<?xml version="1.0" encoding="UTF-8"?>
<!-- Generated by org.testng.reporters.JUnitReportReporter -->
<testsuite hostname="Swati-PC" name="com.Com.EndToEndTest.CreateOganisationTest" tests="1" failures="0" timestamp="15 Feb 2018 17:25:25 GMT" time="13.132" errors="0">
  <testcase name="createOganisationTest" time="13.132" classname="com.Com.EndToEndTest.CreateOganisationTest"/>
</testsuite> <!-- com.Com.EndToEndTest.CreateOganisationTest -->
