<?xml version="1.0" encoding="UTF-8"?>
<!-- Generated by org.testng.reporters.JUnitReportReporter -->
<testsuite hostname="Swati-PC" name="com.crm.EndToEndTest.CreateOpertunity_using_org_campaignTest" tests="2" failures="0" timestamp="3 Mar 2018 07:34:06 GMT" time="147.840" errors="0">
  <testcase name="DeleteOrgWhenOrgContainsContact_OppTest" time="95.432" classname="com.crm.EndToEndTest.CreateOpertunity_using_org_campaignTest"/>
  <testcase name="createOpertunity_using_org_campaignTest" time="52.408" classname="com.crm.EndToEndTest.CreateOpertunity_using_org_campaignTest"/>
</testsuite> <!-- com.crm.EndToEndTest.CreateOpertunity_using_org_campaignTest -->
