<?xml version="1.0" encoding="UTF-8"?>
<!-- Generated by org.testng.reporters.JUnitReportReporter -->
<testsuite hostname="Swati-PC" name="com.Com.OrganizationTest.CreateOrganisationWithTypeTest" tests="1" failures="0" timestamp="16 Feb 2018 13:00:09 GMT" time="14.120" errors="0">
  <testcase name="createOrganisationWithTypeTest" time="14.120" classname="com.Com.OrganizationTest.CreateOrganisationWithTypeTest"/>
</testsuite> <!-- com.Com.OrganizationTest.CreateOrganisationWithTypeTest -->
