<?xml version="1.0" encoding="UTF-8"?>
<!-- Generated by org.testng.reporters.JUnitReportReporter -->
<testsuite hostname="Swati-PC" name="com.Com.OrganizationTest.CreateOganisationTest" tests="2" failures="0" timestamp="2 Mar 2018 19:58:33 GMT" time="43.255" errors="0">
  <testcase name="createOganisationTest" time="21.613" classname="com.Com.OrganizationTest.CreateOganisationTest"/>
  <testcase name="createOrganisationWithIndustryTest" time="21.642" classname="com.Com.OrganizationTest.CreateOganisationTest"/>
</testsuite> <!-- com.Com.OrganizationTest.CreateOganisationTest -->
