<?xml version="1.0" encoding="UTF-8"?>
<!-- Generated by org.testng.reporters.JUnitReportReporter -->
<testsuite hostname="Swati-PC" name="crm.Crm.ContactTest.CreateContactWithOrganisationTest" tests="1" failures="0" timestamp="16 Feb 2018 13:00:09 GMT" time="14.870" errors="0">
  <testcase name="createContactWithOrganisationTest" time="14.870" classname="crm.Crm.ContactTest.CreateContactWithOrganisationTest"/>
</testsuite> <!-- crm.Crm.ContactTest.CreateContactWithOrganisationTest -->
