<?xml version="1.0" encoding="UTF-8"?>
<!-- Generated by org.testng.reporters.JUnitReportReporter -->
<testsuite hostname="Swati-PC" name="crm.Crm.ContactTest.CreateOpertunity_using_org_campaignTest" tests="1" failures="0" timestamp="15 Feb 2018 17:28:59 GMT" time="58.345" errors="0">
  <testcase name="createOpertunity_using_org_campaignTest" time="58.345" classname="crm.Crm.ContactTest.CreateOpertunity_using_org_campaignTest"/>
</testsuite> <!-- crm.Crm.ContactTest.CreateOpertunity_using_org_campaignTest -->
