<?xml version="1.0" encoding="UTF-8"?>
<!-- Generated by org.testng.reporters.JUnitReportReporter -->
<testsuite hostname="Swati-PC" name="com.Com.EndToEndTest.DeleteOrgWhenOrgContainsContactOppTest" tests="1" failures="0" timestamp="2 Mar 2018 18:23:21 GMT" time="89.547" errors="0">
  <testcase name="DeleteOrgWhenOrgContainsContact_OppTest" time="89.547" classname="com.Com.EndToEndTest.DeleteOrgWhenOrgContainsContactOppTest"/>
</testsuite> <!-- com.Com.EndToEndTest.DeleteOrgWhenOrgContainsContactOppTest -->
