<?xml version="1.0" encoding="UTF-8"?>
<!-- Generated by org.testng.reporters.JUnitReportReporter -->
<testsuite hostname="Swati-PC" name="com.crm.OrganizationTest.CreateOganisationTest" tests="2" failures="0" timestamp="11 Mar 2018 14:15:00 GMT" time="30.498" errors="0">
  <testcase name="createOganisationTest" time="7.884" classname="com.crm.OrganizationTest.CreateOganisationTest"/>
  <testcase name="createOrganisationWithIndustryTest" time="22.614" classname="com.crm.OrganizationTest.CreateOganisationTest"/>
</testsuite> <!-- com.crm.OrganizationTest.CreateOganisationTest -->
