<?xml version="1.0" encoding="UTF-8"?>
<!-- Generated by org.testng.reporters.JUnitReportReporter -->
<testsuite hostname="Swati-PC" name="com.crm.ContactTest.CreateContactTest" tests="3" failures="0" timestamp="3 Mar 2018 07:34:06 GMT" time="88.057" errors="0">
  <testcase name="createContactWithOrganisationTest" time="30.104" classname="com.crm.ContactTest.CreateContactTest"/>
  <testcase name="createContact" time="21.459" classname="com.crm.ContactTest.CreateContactTest"/>
  <testcase name="createContactwithimageTest" time="36.494" classname="com.crm.ContactTest.CreateContactTest"/>
</testsuite> <!-- com.crm.ContactTest.CreateContactTest -->
