<?xml version="1.0" encoding="UTF-8"?>
<!-- Generated by org.testng.reporters.JUnitReportReporter -->
<testsuite hostname="Swati-PC" name="com.Com.OrganizationTest.CreateContactTest" tests="1" failures="0" timestamp="15 Feb 2018 17:25:25 GMT" time="13.529" errors="0">
  <testcase name="createContact" time="13.529" classname="com.Com.OrganizationTest.CreateContactTest"/>
</testsuite> <!-- com.Com.OrganizationTest.CreateContactTest -->
