<?xml version="1.0" encoding="UTF-8"?>
<!-- Generated by org.testng.reporters.JUnitReportReporter -->
<testsuite hostname="Swati-PC" name="com.crm.EndToEndTest.CreateOpertunity_using_org_campaignTest" tests="2" failures="0" timestamp="11 Mar 2018 14:15:00 GMT" time="146.638" errors="0">
  <testcase name="DeleteOrgWhenOrgContainsContact_OppTest" time="97.241" classname="com.crm.EndToEndTest.CreateOpertunity_using_org_campaignTest"/>
  <testcase name="createOpertunity_using_org_campaignTest" time="49.397" classname="com.crm.EndToEndTest.CreateOpertunity_using_org_campaignTest"/>
</testsuite> <!-- com.crm.EndToEndTest.CreateOpertunity_using_org_campaignTest -->
