<?xml version="1.0" encoding="UTF-8"?>
<!-- Generated by org.testng.reporters.JUnitReportReporter -->
<testsuite hostname="Swati-PC" name="com.crm.ContactTest.CreateContactTest" tests="3" failures="0" timestamp="16 Mar 2018 18:31:02 GMT" time="90.202" errors="0">
  <testcase name="createContactwithimageTest" time="36.927" classname="com.crm.ContactTest.CreateContactTest"/>
  <testcase name="createContact" time="21.334" classname="com.crm.ContactTest.CreateContactTest"/>
  <testcase name="createContactWithOrganisationTest" time="31.941" classname="com.crm.ContactTest.CreateContactTest"/>
</testsuite> <!-- com.crm.ContactTest.CreateContactTest -->
