<?xml version="1.0" encoding="UTF-8"?>
<!-- Generated by org.testng.reporters.JUnitReportReporter -->
<testsuite hostname="Swati-PC" name="com.Com.EndToEndTest.DeleteOrgWhenOrgContainsContact_OppTest" tests="1" failures="0" timestamp="15 Feb 2018 09:11:04 GMT" time="47.295" errors="0">
  <testcase name="DeleteOrgWhenOrgContainsContact_OppTest" time="47.295" classname="com.Com.EndToEndTest.DeleteOrgWhenOrgContainsContact_OppTest"/>
</testsuite> <!-- com.Com.EndToEndTest.DeleteOrgWhenOrgContainsContact_OppTest -->
