<?xml version="1.0" encoding="UTF-8"?>
<!-- Generated by org.testng.reporters.JUnitReportReporter -->
<testsuite hostname="Swati-PC" name="crm.Crm.ContactTest.CreateContactwithimageTest" tests="1" failures="0" timestamp="16 Feb 2018 13:00:09 GMT" time="23.143" errors="0">
  <testcase name="createContactwithimageTest" time="23.143" classname="crm.Crm.ContactTest.CreateContactwithimageTest"/>
</testsuite> <!-- crm.Crm.ContactTest.CreateContactwithimageTest -->
