<?xml version="1.0" encoding="UTF-8"?>
<!-- Generated by org.testng.reporters.JUnitReportReporter -->
<testsuite hostname="Swati-PC" name="com.crm.OrganizationTest.CreateOganisationTest" tests="2" failures="0" timestamp="3 Mar 2018 07:34:06 GMT" time="44.669" errors="0">
  <testcase name="createOganisationTest" time="21.932" classname="com.crm.OrganizationTest.CreateOganisationTest"/>
  <testcase name="createOrganisationWithIndustryTest" time="22.737" classname="com.crm.OrganizationTest.CreateOganisationTest"/>
</testsuite> <!-- com.crm.OrganizationTest.CreateOganisationTest -->
